<?xml version="1.0" encoding="UTF-8"?>
<!-- Generated by org.testng.reporters.JUnitXMLReporter -->
<testsuite ignored="0" hostname="DESKTOP-7UDUNOF" failures="1" tests="1" name="Default test" time="14.338" errors="0" timestamp="2025-12-01T09:59:20 IST">
  <testcase classname="io.cucumber.testng.AbstractTestNGCucumberTests" name="runScenario" time="14.123">
    <failure type="java.lang.NullPointerException" message="Cannot read field &amp;quot;SpicejetTestBase1&amp;quot; because &amp;quot;this.TestSetupContext1&amp;quot; is null">
      <![CDATA[java.lang.NullPointerException: Cannot read field "SpicejetTestBase1" because "this.TestSetupContext1" is null
at StepDefinations.DealsStepDefination3.SwitchToNextPage(DealsStepDefination3.java:57)
at StepDefinations.DealsStepDefination3.user_click_for_deals_in_next_page_if_deal_exist(DealsStepDefination3.java:38)
at ✽.User Click For Deals_1 in Next Page if Deal Exist(file:///F:/Automation_Devolopment/java_all_project/Poroject_Nov2026/CucumberSpicejet2025/src/test/java/FeatureSpicejet1/DealsSpicejet.feature:7)
]]>
    </failure>
  </testcase> <!-- runScenario -->
</testsuite> <!-- Default test -->
