<?xml version="1.0" encoding="UTF-8"?>
<testng-results ignored="0" total="1" passed="0" failed="1" skipped="0">
  <reporter-output>
  </reporter-output>
  <suite started-at="2025-12-01T09:59:06 IST" name="Default suite" finished-at="2025-12-01T09:59:20 IST" duration-ms="14338">
    <groups>
      <group name="cucumber">
        <method signature="AbstractTestNGCucumberTests.runScenario(io.cucumber.testng.PickleWrapper,io.cucumber.testng.FeatureWrapper)[pri:0, instance:TestNGRunner1.DealsTestngRunner2@55b0dcab]" name="runScenario" class="io.cucumber.testng.AbstractTestNGCucumberTests"/>
      </group> <!-- cucumber -->
    </groups>
    <test started-at="2025-12-01T09:59:06 IST" name="Default test" finished-at="2025-12-01T09:59:20 IST" duration-ms="14338">
      <class name="TestNGRunner1.DealsTestngRunner2">
        <test-method is-config="true" signature="setUpClass(org.testng.ITestContext)[pri:0, instance:TestNGRunner1.DealsTestngRunner2@55b0dcab]" started-at="2025-12-01T09:59:06 IST" name="setUpClass" finished-at="2025-12-01T09:59:06 IST" duration-ms="167" status="PASS">
          <params>
            <param index="0">
              <value>
                <![CDATA[org.testng.TestRunner@14faa38c]]>
              </value>
            </param>
          </params>
          <reporter-output>
          </reporter-output>
        </test-method> <!-- setUpClass -->
        <test-method signature="runScenario(io.cucumber.testng.PickleWrapper,io.cucumber.testng.FeatureWrapper)[pri:0, instance:TestNGRunner1.DealsTestngRunner2@55b0dcab]" started-at="2025-12-01T09:59:06 IST" name="runScenario" description="Runs Cucumber Scenarios" data-provider="scenarios" finished-at="2025-12-01T09:59:20 IST" duration-ms="14123" status="FAIL">
          <params>
            <param index="0">
              <value>
                <![CDATA["Search Experience for Deals Search n Both Home and Next Page"]]>
              </value>
            </param>
            <param index="1">
              <value>
                <![CDATA["Search and Place The Select for Deals"]]>
              </value>
            </param>
          </params>
          <exception class="java.lang.NullPointerException">
            <message>
              <![CDATA[Cannot read field "SpicejetTestBase1" because "this.TestSetupContext1" is null]]>
            </message>
            <full-stacktrace>
              <![CDATA[java.lang.NullPointerException: Cannot read field "SpicejetTestBase1" because "this.TestSetupContext1" is null
at StepDefinations.DealsStepDefination3.SwitchToNextPage(DealsStepDefination3.java:57)
at StepDefinations.DealsStepDefination3.user_click_for_deals_in_next_page_if_deal_exist(DealsStepDefination3.java:38)
at ✽.User Click For Deals_1 in Next Page if Deal Exist(file:///F:/Automation_Devolopment/java_all_project/Poroject_Nov2026/CucumberSpicejet2025/src/test/java/FeatureSpicejet1/DealsSpicejet.feature:7)
]]>
            </full-stacktrace>
          </exception> <!-- java.lang.NullPointerException -->
          <reporter-output>
          </reporter-output>
        </test-method> <!-- runScenario -->
        <test-method is-config="true" signature="tearDownClass()[pri:0, instance:TestNGRunner1.DealsTestngRunner2@55b0dcab]" started-at="2025-12-01T09:59:20 IST" name="tearDownClass" finished-at="2025-12-01T09:59:20 IST" duration-ms="2" status="PASS">
          <reporter-output>
          </reporter-output>
        </test-method> <!-- tearDownClass -->
      </class> <!-- TestNGRunner1.DealsTestngRunner2 -->
    </test> <!-- Default test -->
  </suite> <!-- Default suite -->
</testng-results>
