<?xml version="1.0" encoding="UTF-8"?>
<!-- Generated by org.testng.reporters.JUnitReportReporter -->
<testsuite hostname="DESKTOP-7UDUNOF" failures="0" tests="1" name="TestNGRunner1.DealsTestngRunner2" time="14.123" errors="1" timestamp="2025-12-01T09:59:20 IST" skipped="0">
  <testcase classname="TestNGRunner1.DealsTestngRunner2" name="runScenario" time="14.123">
    <error message="Cannot read field &quot;SpicejetTestBase1&quot; because &quot;this.TestSetupContext1&quot; is null" type="java.lang.NullPointerException">
      <![CDATA[java.lang.NullPointerException: Cannot read field "SpicejetTestBase1" because "this.TestSetupContext1" is null
at StepDefinations.DealsStepDefination3.SwitchToNextPage(DealsStepDefination3.java:57)
at StepDefinations.DealsStepDefination3.user_click_for_deals_in_next_page_if_deal_exist(DealsStepDefination3.java:38)
at ✽.User Click For Deals_1 in Next Page if Deal Exist(file:///F:/Automation_Devolopment/java_all_project/Poroject_Nov2026/CucumberSpicejet2025/src/test/java/FeatureSpicejet1/DealsSpicejet.feature:7)
]]>
    </error>
  </testcase> <!-- runScenario -->
</testsuite> <!-- TestNGRunner1.DealsTestngRunner2 -->
